This is pdfTeX, Version 3.14159265-2.6-1.40.15 (TeX Live 2014/W32TeX) (preloaded format=pdflatex 2015.5.29)  22 OCT 2016 11:13
entering extended mode
 restricted \write18 enabled.
 %&-line parsing enabled.
**section_1a_notation.tex
(./section_1a_notation.tex
LaTeX2e <2014/05/01>
Babel <3.9l> and hyphenation patterns for 79 languages loaded.
(c:/texlive/2014/texmf-dist/tex/latex/base/book.cls
Document Class: book 2014/09/29 v1.4h Standard LaTeX document class
(c:/texlive/2014/texmf-dist/tex/latex/base/bk11.clo
File: bk11.clo 2014/09/29 v1.4h Standard LaTeX file (size option)
)
\c@part=\count79
\c@chapter=\count80
\c@section=\count81
\c@subsection=\count82
\c@subsubsection=\count83
\c@paragraph=\count84
\c@subparagraph=\count85
\c@figure=\count86
\c@table=\count87
\abovecaptionskip=\skip41
\belowcaptionskip=\skip42
\bibindent=\dimen102
)
(c:/texlive/2014/texmf-dist/tex/latex/amsfonts/amsfonts.sty
Package: amsfonts 2013/01/14 v3.01 Basic AMSFonts support
\@emptytoks=\toks14
\symAMSa=\mathgroup4
\symAMSb=\mathgroup5
LaTeX Font Info:    Overwriting math alphabet `\mathfrak' in version `bold'
(Font)                  U/euf/m/n --> U/euf/b/n on input line 106.
)
(c:/texlive/2014/texmf-dist/tex/latex/amsfonts/amssymb.sty
Package: amssymb 2013/01/14 v3.01 AMS font symbols
)
(c:/texlive/2014/texmf-dist/tex/latex/amsmath/amsmath.sty
Package: amsmath 2013/01/14 v2.14 AMS math features
\@mathmargin=\skip43

For additional information on amsmath, use the `?' option.
(c:/texlive/2014/texmf-dist/tex/latex/amsmath/amstext.sty
Package: amstext 2000/06/29 v2.01

(c:/texlive/2014/texmf-dist/tex/latex/amsmath/amsgen.sty
File: amsgen.sty 1999/11/30 v2.0
\@emptytoks=\toks15
\ex@=\dimen103
))
(c:/texlive/2014/texmf-dist/tex/latex/amsmath/amsbsy.sty
Package: amsbsy 1999/11/29 v1.2d
\pmbraise@=\dimen104
)
(c:/texlive/2014/texmf-dist/tex/latex/amsmath/amsopn.sty
Package: amsopn 1999/12/14 v2.01 operator names
)
\inf@bad=\count88
LaTeX Info: Redefining \frac on input line 210.
\uproot@=\count89
\leftroot@=\count90
LaTeX Info: Redefining \overline on input line 306.
\classnum@=\count91
\DOTSCASE@=\count92
LaTeX Info: Redefining \ldots on input line 378.
LaTeX Info: Redefining \dots on input line 381.
LaTeX Info: Redefining \cdots on input line 466.
\Mathstrutbox@=\box26
\strutbox@=\box27
\big@size=\dimen105
LaTeX Font Info:    Redeclaring font encoding OML on input line 566.
LaTeX Font Info:    Redeclaring font encoding OMS on input line 567.
\macc@depth=\count93
\c@MaxMatrixCols=\count94
\dotsspace@=\muskip10
\c@parentequation=\count95
\dspbrk@lvl=\count96
\tag@help=\toks16
\row@=\count97
\column@=\count98
\maxfields@=\count99
\andhelp@=\toks17
\eqnshift@=\dimen106
\alignsep@=\dimen107
\tagshift@=\dimen108
\tagwidth@=\dimen109
\totwidth@=\dimen110
\lineht@=\dimen111
\@envbody=\toks18
\multlinegap=\skip44
\multlinetaggap=\skip45
\mathdisplay@stack=\toks19
LaTeX Info: Redefining \[ on input line 2665.
LaTeX Info: Redefining \] on input line 2666.
)
(c:/texlive/2014/texmf-dist/tex/latex/amscls/amsthm.sty
Package: amsthm 2009/07/02 v2.20.1
\thm@style=\toks20
\thm@bodyfont=\toks21
\thm@headfont=\toks22
\thm@notefont=\toks23
\thm@headpunct=\toks24
\thm@preskip=\skip46
\thm@postskip=\skip47
\thm@headsep=\skip48
\dth@everypar=\toks25
)
(c:/texlive/2014/texmf-dist/tex/latex/fancyhdr/fancyhdr.sty
\fancy@headwidth=\skip49
\f@ncyO@elh=\skip50
\f@ncyO@erh=\skip51
\f@ncyO@olh=\skip52
\f@ncyO@orh=\skip53
\f@ncyO@elf=\skip54
\f@ncyO@erf=\skip55
\f@ncyO@olf=\skip56
\f@ncyO@orf=\skip57
)
(c:/texlive/2014/texmf-dist/tex/latex/supertabular/supertabular.sty
Package: supertabular 2004/02/20 v4.1e the supertabular environment
\c@tracingst=\count100
\ST@wd=\dimen112
\ST@rightskip=\skip58
\ST@leftskip=\skip59
\ST@parfillskip=\skip60
\ST@pageleft=\dimen113
\ST@headht=\dimen114
\ST@tailht=\dimen115
\ST@pagesofar=\dimen116
\ST@pboxht=\dimen117
\ST@lineht=\dimen118
\ST@stretchht=\dimen119
\ST@prevht=\dimen120
\ST@toadd=\dimen121
\ST@dimen=\dimen122
\ST@pbox=\box28
)
(c:/texlive/2014/texmf-dist/tex/latex/tools/longtable.sty
Package: longtable 2014/10/28 v4.11 Multi-page Table package (DPC)
\LTleft=\skip61
\LTright=\skip62
\LTpre=\skip63
\LTpost=\skip64
\LTchunksize=\count101
\LTcapwidth=\dimen123
\LT@head=\box29
\LT@firsthead=\box30
\LT@foot=\box31
\LT@lastfoot=\box32
\LT@cols=\count102
\LT@rows=\count103
\c@LT@tables=\count104
\c@LT@chunks=\count105
\LT@p@ftn=\toks26
)
(c:/texlive/2014/texmf-dist/tex/latex/tools/hhline.sty
Package: hhline 2014/10/28 v2.03 Table rule package (DPC)
)
(c:/texlive/2014/texmf-dist/tex/latex/colortbl/colortbl.sty
Package: colortbl 2012/02/13 v1.0a Color table columns (DPC)

(c:/texlive/2014/texmf-dist/tex/latex/tools/array.sty
Package: array 2014/10/28 v2.4c Tabular extension package (FMi)
\col@sep=\dimen124
\extrarowheight=\dimen125
\NC@list=\toks27
\extratabsurround=\skip65
\backup@length=\skip66
)
(c:/texlive/2014/texmf-dist/tex/latex/graphics/color.sty
Package: color 2014/10/28 v1.1a Standard LaTeX Color (DPC)

(c:/texlive/2014/texmf-dist/tex/latex/latexconfig/color.cfg
File: color.cfg 2007/01/18 v1.5 color configuration of teTeX/TeXLive
)
Package color Info: Driver file: pdftex.def on input line 137.

(c:/texlive/2014/texmf-dist/tex/latex/pdftex-def/pdftex.def
File: pdftex.def 2011/05/27 v0.06d Graphics/color for pdfTeX

(c:/texlive/2014/texmf-dist/tex/generic/oberdiek/infwarerr.sty
Package: infwarerr 2010/04/08 v1.3 Providing info/warning/error messages (HO)
)
(c:/texlive/2014/texmf-dist/tex/generic/oberdiek/ltxcmds.sty
Package: ltxcmds 2011/11/09 v1.22 LaTeX kernel commands for general use (HO)
)
\Gread@gobject=\count106
))
\everycr=\toks28
\minrowclearance=\skip67
)
(c:/texlive/2014/texmf-dist/tex/latex/docmute/docmute.sty
Package: docmute 2012/03/22 v1.4 Input stand-alone documents
)
(c:/texlive/2014/texmf-dist/tex/latex/import/import.sty
Package: import 2009/03/23  v 5.1
)
(c:/texlive/2014/texmf-dist/tex/latex/tools/multicol.sty
Package: multicol 2014/10/28 v1.8i multicolumn formatting (FMi)
\c@tracingmulticols=\count107
\mult@box=\box33
\multicol@leftmargin=\dimen126
\c@unbalance=\count108
\c@collectmore=\count109
\doublecol@number=\count110
\multicoltolerance=\count111
\multicolpretolerance=\count112
\full@width=\dimen127
\page@free=\dimen128
\premulticols=\dimen129
\postmulticols=\dimen130
\multicolsep=\skip68
\multicolbaselineskip=\skip69
\partial@page=\box34
\last@line=\box35
\maxbalancingoverflow=\dimen131
\mult@rightbox=\box36
\mult@grightbox=\box37
\mult@gfirstbox=\box38
\mult@firstbox=\box39
\@tempa=\box40
\@tempa=\box41
\@tempa=\box42
\@tempa=\box43
\@tempa=\box44
\@tempa=\box45
\@tempa=\box46
\@tempa=\box47
\@tempa=\box48
\@tempa=\box49
\@tempa=\box50
\@tempa=\box51
\@tempa=\box52
\@tempa=\box53
\@tempa=\box54
\@tempa=\box55
\@tempa=\box56
\c@columnbadness=\count113
\c@finalcolumnbadness=\count114
\last@try=\dimen132
\multicolovershoot=\dimen133
\multicolundershoot=\dimen134
\mult@nat@firstbox=\box57
\colbreak@box=\box58
\mc@col@check@num=\count115
)
(c:/texlive/2014/texmf-dist/tex/latex/boxedminipage/boxedminipage.sty)
(c:/texlive/2014/texmf-dist/tex/latex/chapterfolder/chapterfolder.sty
Package: chapterfolder 2005/11/24 v2.0 Package for dealing with folder

(c:/texlive/2014/texmf-dist/tex/latex/base/ifthen.sty
Package: ifthen 2014/09/29 v1.1c Standard LaTeX ifthen package (DPC)
)
\c@@cf@currentpos=\count116
)
(c:/texlive/2014/texmf-dist/tex/generic/mfpic/mfpic.sty
Package: mfpic 2012/12/03 v1.10. Macros for drawing with Metafont/MetaPost.

(c:/texlive/2014/texmf-dist/tex/generic/mfpic/mfpic.tex
(c:/texlive/2014/texmf-dist/tex/latex/graphics/graphics.sty
Package: graphics 2014/10/28 v1.0p Standard LaTeX Graphics (DPC,SPQR)

(c:/texlive/2014/texmf-dist/tex/latex/graphics/trig.sty
Package: trig 1999/03/16 v1.09 sin cos tan (DPC)
)
(c:/texlive/2014/texmf-dist/tex/latex/latexconfig/graphics.cfg
File: graphics.cfg 2010/04/23 v1.9 graphics configuration of TeX Live
)
Package graphics Info: Driver file: pdftex.def on input line 91.
)
\mfp@out=\write3
\mfp@graph=\read1
\mfp@count=\count117
\mfp@linetype=\count118
\mfp@sequence=\count119
\mfp@toks=\toks29
\mfp@verbtex=\toks30
\mfp@fdc=\count120
\@wholegraph=\box59
\@textbox=\box60
\@alltlabels=\box61
\@backtext=\box62
\@tlabelstop=\fontdimen 23\mfp@dummy 
\@tlabelsbot=\fontdimen 24\mfp@dummy 
\@tlabelsleft=\fontdimen 25\mfp@dummy 
\@graphright=\fontdimen 26\mfp@dummy 
\@graphleft=\fontdimen 27\mfp@dummy 
\@graphtop=\fontdimen 28\mfp@dummy 
\@graphbot=\fontdimen 29\mfp@dummy 
\tb@raise=\fontdimen 30\mfp@dummy 
\tb@moveright=\fontdimen 31\mfp@dummy 
\tb@totalht=\fontdimen 32\mfp@dummy 
\tlabel@hadj=\fontdimen 33\mfp@dummy 
\tlabel@vadj=\fontdimen 34\mfp@dummy 
\tlabel@sep=\fontdimen 35\mfp@dummy 
\tlpath@sep=\fontdimen 36\mfp@dummy 
\mfpicunit=\fontdimen 37\mfp@dummy 
\@mfpicunit=\fontdimen 38\mfp@dummy 
\pointsize=\fontdimen 39\mfp@dummy 
\shadespace=\fontdimen 40\mfp@dummy 
\polkadotspace=\fontdimen 41\mfp@dummy 
\hatchspace=\fontdimen 42\mfp@dummy 
\headlen=\fontdimen 43\mfp@dummy 
\axisheadlen=\fontdimen 44\mfp@dummy 
\sideheadlen=\fontdimen 45\mfp@dummy 
\hashlen=\fontdimen 46\mfp@dummy 
\dashlen=\fontdimen 47\mfp@dummy 
\dashspace=\fontdimen 48\mfp@dummy 
\dotsize=\fontdimen 49\mfp@dummy 
\griddotsize=\fontdimen 50\mfp@dummy 
\dotspace=\fontdimen 51\mfp@dummy 
\symbolspace=\fontdimen 52\mfp@dummy 
\mfp@scratch=\dimen135
\mfpframesep=\dimen136
\mfpframethickness=\dimen137
\mfpicheight=\dimen138
\mfpicwidth=\dimen139
\mfpiccaptionskip=\skip70
\tl@vpos=\count121
\tl@hpos=\count122
\mfp@commentchar=\count123
))
(c:/texlive/2014/texmf-dist/tex/latex/graphics/graphicx.sty
Package: graphicx 2014/10/28 v1.0g Enhanced LaTeX Graphics (DPC,SPQR)

(c:/texlive/2014/texmf-dist/tex/latex/graphics/keyval.sty
Package: keyval 2014/10/28 v1.15 key=value parser (DPC)
\KV@toks@=\toks31
)
\Gin@req@height=\dimen140
\Gin@req@width=\dimen141
)
(c:/texlive/2014/texmf-dist/tex/latex/pgf/basiclayer/pgf.sty
(c:/texlive/2014/texmf-dist/tex/latex/pgf/utilities/pgfrcs.sty
(c:/texlive/2014/texmf-dist/tex/generic/pgf/utilities/pgfutil-common.tex
\pgfutil@everybye=\toks32
\pgfutil@tempdima=\dimen142
\pgfutil@tempdimb=\dimen143

(c:/texlive/2014/texmf-dist/tex/generic/pgf/utilities/pgfutil-common-lists.tex)
) (c:/texlive/2014/texmf-dist/tex/generic/pgf/utilities/pgfutil-latex.def
\pgfutil@abb=\box63

(c:/texlive/2014/texmf-dist/tex/latex/ms/everyshi.sty
Package: everyshi 2001/05/15 v3.00 EveryShipout Package (MS)
))
(c:/texlive/2014/texmf-dist/tex/generic/pgf/utilities/pgfrcs.code.tex
Package: pgfrcs 2013/12/20 v3.0.0 (rcs-revision 1.28)
))
Package: pgf 2013/12/18 v3.0.0 (rcs-revision 1.14)

(c:/texlive/2014/texmf-dist/tex/latex/pgf/basiclayer/pgfcore.sty
(c:/texlive/2014/texmf-dist/tex/latex/pgf/systemlayer/pgfsys.sty
(c:/texlive/2014/texmf-dist/tex/generic/pgf/systemlayer/pgfsys.code.tex
Package: pgfsys 2013/11/30 v3.0.0 (rcs-revision 1.47)

(c:/texlive/2014/texmf-dist/tex/generic/pgf/utilities/pgfkeys.code.tex
\pgfkeys@pathtoks=\toks33
\pgfkeys@temptoks=\toks34

(c:/texlive/2014/texmf-dist/tex/generic/pgf/utilities/pgfkeysfiltered.code.tex
\pgfkeys@tmptoks=\toks35
))
\pgf@x=\dimen144
\pgf@y=\dimen145
\pgf@xa=\dimen146
\pgf@ya=\dimen147
\pgf@xb=\dimen148
\pgf@yb=\dimen149
\pgf@xc=\dimen150
\pgf@yc=\dimen151
\w@pgf@writea=\write4
\r@pgf@reada=\read2
\c@pgf@counta=\count124
\c@pgf@countb=\count125
\c@pgf@countc=\count126
\c@pgf@countd=\count127
\t@pgf@toka=\toks36
\t@pgf@tokb=\toks37
\t@pgf@tokc=\toks38
 (c:/texlive/2014/texmf-dist/tex/generic/pgf/systemlayer/pgf.cfg
File: pgf.cfg 2008/05/14  (rcs-revision 1.7)
)
Driver file for pgf: pgfsys-pdftex.def

(c:/texlive/2014/texmf-dist/tex/generic/pgf/systemlayer/pgfsys-pdftex.def
File: pgfsys-pdftex.def 2013/07/18  (rcs-revision 1.33)

(c:/texlive/2014/texmf-dist/tex/generic/pgf/systemlayer/pgfsys-common-pdf.def
File: pgfsys-common-pdf.def 2013/10/10  (rcs-revision 1.13)
)))
(c:/texlive/2014/texmf-dist/tex/generic/pgf/systemlayer/pgfsyssoftpath.code.tex
File: pgfsyssoftpath.code.tex 2013/09/09  (rcs-revision 1.9)
\pgfsyssoftpath@smallbuffer@items=\count128
\pgfsyssoftpath@bigbuffer@items=\count129
)
(c:/texlive/2014/texmf-dist/tex/generic/pgf/systemlayer/pgfsysprotocol.code.tex
File: pgfsysprotocol.code.tex 2006/10/16  (rcs-revision 1.4)
)) (c:/texlive/2014/texmf-dist/tex/latex/xcolor/xcolor.sty
Package: xcolor 2007/01/21 v2.11 LaTeX color extensions (UK)

(c:/texlive/2014/texmf-dist/tex/latex/latexconfig/color.cfg
File: color.cfg 2007/01/18 v1.5 color configuration of teTeX/TeXLive
)
Package xcolor Info: Driver file: pdftex.def on input line 225.
LaTeX Info: Redefining \color on input line 702.
Package xcolor Info: Model `cmy' substituted by `cmy0' on input line 1337.
Package xcolor Info: Model `hsb' substituted by `rgb' on input line 1341.
Package xcolor Info: Model `RGB' extended on input line 1353.
Package xcolor Info: Model `HTML' substituted by `rgb' on input line 1355.
Package xcolor Info: Model `Hsb' substituted by `hsb' on input line 1356.
Package xcolor Info: Model `tHsb' substituted by `hsb' on input line 1357.
Package xcolor Info: Model `HSB' substituted by `hsb' on input line 1358.
Package xcolor Info: Model `Gray' substituted by `gray' on input line 1359.
Package xcolor Info: Model `wave' substituted by `hsb' on input line 1360.
)
(c:/texlive/2014/texmf-dist/tex/generic/pgf/basiclayer/pgfcore.code.tex
Package: pgfcore 2010/04/11 v3.0.0 (rcs-revision 1.7)

(c:/texlive/2014/texmf-dist/tex/generic/pgf/math/pgfmath.code.tex
(c:/texlive/2014/texmf-dist/tex/generic/pgf/math/pgfmathcalc.code.tex
(c:/texlive/2014/texmf-dist/tex/generic/pgf/math/pgfmathutil.code.tex)
(c:/texlive/2014/texmf-dist/tex/generic/pgf/math/pgfmathparser.code.tex
\pgfmath@dimen=\dimen152
\pgfmath@count=\count130
\pgfmath@box=\box64
\pgfmath@toks=\toks39
\pgfmath@stack@operand=\toks40
\pgfmath@stack@operation=\toks41
)
(c:/texlive/2014/texmf-dist/tex/generic/pgf/math/pgfmathfunctions.code.tex
(c:/texlive/2014/texmf-dist/tex/generic/pgf/math/pgfmathfunctions.basic.code.te
x)
(c:/texlive/2014/texmf-dist/tex/generic/pgf/math/pgfmathfunctions.trigonometric
.code.tex)
(c:/texlive/2014/texmf-dist/tex/generic/pgf/math/pgfmathfunctions.random.code.t
ex)
(c:/texlive/2014/texmf-dist/tex/generic/pgf/math/pgfmathfunctions.comparison.co
de.tex)
(c:/texlive/2014/texmf-dist/tex/generic/pgf/math/pgfmathfunctions.base.code.tex
)
(c:/texlive/2014/texmf-dist/tex/generic/pgf/math/pgfmathfunctions.round.code.te
x)
(c:/texlive/2014/texmf-dist/tex/generic/pgf/math/pgfmathfunctions.misc.code.tex
)
(c:/texlive/2014/texmf-dist/tex/generic/pgf/math/pgfmathfunctions.integerarithm
etics.code.tex)))
(c:/texlive/2014/texmf-dist/tex/generic/pgf/math/pgfmathfloat.code.tex
\c@pgfmathroundto@lastzeros=\count131
))
(c:/texlive/2014/texmf-dist/tex/generic/pgf/basiclayer/pgfcorepoints.code.tex
File: pgfcorepoints.code.tex 2013/10/07  (rcs-revision 1.27)
\pgf@picminx=\dimen153
\pgf@picmaxx=\dimen154
\pgf@picminy=\dimen155
\pgf@picmaxy=\dimen156
\pgf@pathminx=\dimen157
\pgf@pathmaxx=\dimen158
\pgf@pathminy=\dimen159
\pgf@pathmaxy=\dimen160
\pgf@xx=\dimen161
\pgf@xy=\dimen162
\pgf@yx=\dimen163
\pgf@yy=\dimen164
\pgf@zx=\dimen165
\pgf@zy=\dimen166
)
(c:/texlive/2014/texmf-dist/tex/generic/pgf/basiclayer/pgfcorepathconstruct.cod
e.tex
File: pgfcorepathconstruct.code.tex 2013/10/07  (rcs-revision 1.29)
\pgf@path@lastx=\dimen167
\pgf@path@lasty=\dimen168
)
(c:/texlive/2014/texmf-dist/tex/generic/pgf/basiclayer/pgfcorepathusage.code.te
x
File: pgfcorepathusage.code.tex 2013/12/13  (rcs-revision 1.23)
\pgf@shorten@end@additional=\dimen169
\pgf@shorten@start@additional=\dimen170
)
(c:/texlive/2014/texmf-dist/tex/generic/pgf/basiclayer/pgfcorescopes.code.tex
File: pgfcorescopes.code.tex 2013/10/09  (rcs-revision 1.44)
\pgfpic=\box65
\pgf@hbox=\box66
\pgf@layerbox@main=\box67
\pgf@picture@serial@count=\count132
)
(c:/texlive/2014/texmf-dist/tex/generic/pgf/basiclayer/pgfcoregraphicstate.code
.tex
File: pgfcoregraphicstate.code.tex 2013/09/19  (rcs-revision 1.11)
\pgflinewidth=\dimen171
)
(c:/texlive/2014/texmf-dist/tex/generic/pgf/basiclayer/pgfcoretransformations.c
ode.tex
File: pgfcoretransformations.code.tex 2013/10/10  (rcs-revision 1.17)
\pgf@pt@x=\dimen172
\pgf@pt@y=\dimen173
\pgf@pt@temp=\dimen174
)
(c:/texlive/2014/texmf-dist/tex/generic/pgf/basiclayer/pgfcorequick.code.tex
File: pgfcorequick.code.tex 2008/10/09  (rcs-revision 1.3)
)
(c:/texlive/2014/texmf-dist/tex/generic/pgf/basiclayer/pgfcoreobjects.code.tex
File: pgfcoreobjects.code.tex 2006/10/11  (rcs-revision 1.2)
)
(c:/texlive/2014/texmf-dist/tex/generic/pgf/basiclayer/pgfcorepathprocessing.co
de.tex
File: pgfcorepathprocessing.code.tex 2013/09/09  (rcs-revision 1.9)
)
(c:/texlive/2014/texmf-dist/tex/generic/pgf/basiclayer/pgfcorearrows.code.tex
File: pgfcorearrows.code.tex 2013/11/07  (rcs-revision 1.40)
\pgfarrowsep=\dimen175
)
(c:/texlive/2014/texmf-dist/tex/generic/pgf/basiclayer/pgfcoreshade.code.tex
File: pgfcoreshade.code.tex 2013/07/15  (rcs-revision 1.15)
\pgf@max=\dimen176
\pgf@sys@shading@range@num=\count133
)
(c:/texlive/2014/texmf-dist/tex/generic/pgf/basiclayer/pgfcoreimage.code.tex
File: pgfcoreimage.code.tex 2013/07/15  (rcs-revision 1.18)

(c:/texlive/2014/texmf-dist/tex/generic/pgf/basiclayer/pgfcoreexternal.code.tex
File: pgfcoreexternal.code.tex 2013/07/15  (rcs-revision 1.20)
\pgfexternal@startupbox=\box68
))
(c:/texlive/2014/texmf-dist/tex/generic/pgf/basiclayer/pgfcorelayers.code.tex
File: pgfcorelayers.code.tex 2013/07/18  (rcs-revision 1.7)
)
(c:/texlive/2014/texmf-dist/tex/generic/pgf/basiclayer/pgfcoretransparency.code
.tex
File: pgfcoretransparency.code.tex 2013/09/30  (rcs-revision 1.5)
)
(c:/texlive/2014/texmf-dist/tex/generic/pgf/basiclayer/pgfcorepatterns.code.tex
File: pgfcorepatterns.code.tex 2013/11/07  (rcs-revision 1.5)
)))
(c:/texlive/2014/texmf-dist/tex/generic/pgf/modules/pgfmoduleshapes.code.tex
File: pgfmoduleshapes.code.tex 2013/10/31  (rcs-revision 1.34)
\pgfnodeparttextbox=\box69
)
(c:/texlive/2014/texmf-dist/tex/generic/pgf/modules/pgfmoduleplot.code.tex
File: pgfmoduleplot.code.tex 2013/07/31  (rcs-revision 1.12)
)
(c:/texlive/2014/texmf-dist/tex/latex/pgf/compatibility/pgfcomp-version-0-65.st
y
Package: pgfcomp-version-0-65 2007/07/03 v3.0.0 (rcs-revision 1.7)
\pgf@nodesepstart=\dimen177
\pgf@nodesepend=\dimen178
)
(c:/texlive/2014/texmf-dist/tex/latex/pgf/compatibility/pgfcomp-version-1-18.st
y
Package: pgfcomp-version-1-18 2007/07/23 v3.0.0 (rcs-revision 1.1)
)) (c:/texlive/2014/texmf-dist/tex/latex/pgf/frontendlayer/tikz.sty
(c:/texlive/2014/texmf-dist/tex/latex/pgf/utilities/pgffor.sty
(c:/texlive/2014/texmf-dist/tex/latex/pgf/utilities/pgfkeys.sty
(c:/texlive/2014/texmf-dist/tex/generic/pgf/utilities/pgfkeys.code.tex))
(c:/texlive/2014/texmf-dist/tex/latex/pgf/math/pgfmath.sty
(c:/texlive/2014/texmf-dist/tex/generic/pgf/math/pgfmath.code.tex))
(c:/texlive/2014/texmf-dist/tex/generic/pgf/utilities/pgffor.code.tex
Package: pgffor 2013/12/13 v3.0.0 (rcs-revision 1.25)

(c:/texlive/2014/texmf-dist/tex/generic/pgf/math/pgfmath.code.tex)
\pgffor@iter=\dimen179
\pgffor@skip=\dimen180
\pgffor@stack=\toks42
\pgffor@toks=\toks43
))
(c:/texlive/2014/texmf-dist/tex/generic/pgf/frontendlayer/tikz/tikz.code.tex
Package: tikz 2013/12/13 v3.0.0 (rcs-revision 1.142)

(c:/texlive/2014/texmf-dist/tex/generic/pgf/libraries/pgflibraryplothandlers.co
de.tex
File: pgflibraryplothandlers.code.tex 2013/08/31 v3.0.0 (rcs-revision 1.20)
\pgf@plot@mark@count=\count134
\pgfplotmarksize=\dimen181
)
\tikz@lastx=\dimen182
\tikz@lasty=\dimen183
\tikz@lastxsaved=\dimen184
\tikz@lastysaved=\dimen185
\tikzleveldistance=\dimen186
\tikzsiblingdistance=\dimen187
\tikz@figbox=\box70
\tikz@figbox@bg=\box71
\tikz@tempbox=\box72
\tikz@tempbox@bg=\box73
\tikztreelevel=\count135
\tikznumberofchildren=\count136
\tikznumberofcurrentchild=\count137
\tikz@fig@count=\count138

(c:/texlive/2014/texmf-dist/tex/generic/pgf/modules/pgfmodulematrix.code.tex
File: pgfmodulematrix.code.tex 2013/09/17  (rcs-revision 1.8)
\pgfmatrixcurrentrow=\count139
\pgfmatrixcurrentcolumn=\count140
\pgf@matrix@numberofcolumns=\count141
)
\tikz@expandcount=\count142

(c:/texlive/2014/texmf-dist/tex/generic/pgf/frontendlayer/tikz/libraries/tikzli
brarytopaths.code.tex
File: tikzlibrarytopaths.code.tex 2008/06/17 v3.0.0 (rcs-revision 1.2)
))) (c:/texlive/2014/texmf-dist/tex/generic/xypic/xy.sty
(c:/texlive/2014/texmf-dist/tex/generic/xypic/xy.tex Bootstrap'ing: catcodes,
docmode, (c:/texlive/2014/texmf-dist/tex/generic/xypic/xyrecat.tex)
(c:/texlive/2014/texmf-dist/tex/generic/xypic/xyidioms.tex)

 Xy-pic version 3.8.9 <2013/10/06>
 Copyright (c) 1991-2013 by Kristoffer H. Rose <krisrose@tug.org> and others
 Xy-pic is free software: see the User's Guide for details.

Loading kernel: messages; fonts; allocations: state,
\X@c=\dimen188
\Y@c=\dimen189
\U@c=\dimen190
\D@c=\dimen191
\L@c=\dimen192
\R@c=\dimen193
\Edge@c=\toks44
\X@p=\dimen194
\Y@p=\dimen195
\U@p=\dimen196
\D@p=\dimen197
\L@p=\dimen198
\R@p=\dimen199
\Edge@p=\toks45
\X@origin=\dimen200
\Y@origin=\dimen201
\X@xbase=\dimen202
\Y@xbase=\dimen203
\X@ybase=\dimen204
\Y@ybase=\dimen205
\X@min=\dimen206
\Y@min=\dimen207
\X@max=\dimen208
\Y@max=\dimen209
\lastobjectbox@=\box74
\zerodotbox@=\box75
\almostz@=\dimen210
 direction,
\d@X=\dimen211
\d@Y=\dimen212
\K@=\count143
\KK@=\count144
\Direction=\count145
\K@dXdY=\dimen213
\K@dYdX=\dimen214
\xyread@=\read3
\xywrite@=\write5
\csp@=\count146
\quotPTK@=\dimen215

utility macros; pictures: \xy, positions,
\swaptoks@@=\toks46
\connectobjectbox@@=\box76
 objects,
\styletoks@=\toks47
 decorations;
kernel objects: directionals, circles, text; options; algorithms: directions,
edges, connections;  Xy-pic loaded)
(c:/texlive/2014/texmf-dist/tex/generic/oberdiek/ifpdf.sty
Package: ifpdf 2011/01/30 v2.3 Provides the ifpdf switch (HO)
Package ifpdf Info: pdfTeX in PDF mode is detected.
)
Package: xy 2013/10/06 Xy-pic version 3.8.9

(c:/texlive/2014/texmf-dist/tex/generic/xypic/xymatrix.tex
 Xy-pic option: Matrix feature v.3.14
\Row=\count147
\Col=\count148
\queue@=\toks48
\queue@@=\toks49
\qcount@=\count149
\qcount@@=\count150
\matrixsize@=\count151
 loaded)
(c:/texlive/2014/texmf-dist/tex/generic/xypic/xyarrow.tex
 Xy-pic option: Arrow and Path feature v.3.9 path, \ar, loaded)
(c:/texlive/2014/texmf-dist/tex/generic/xypic/xycurve.tex
 Xy-pic option: Curve and Spline extension v.3.12 curve,
\crv@cnt@=\count152
\crvpts@=\toks50
\splinebox@=\box77
\splineval@=\dimen216
\splinedepth@=\dimen217
\splinetol@=\dimen218
\splinelength@=\dimen219
 circles,
\L@=\dimen220
 loaded)
(c:/texlive/2014/texmf-dist/tex/generic/xypic/xypdf.tex
 Xy-pic option: PDF driver v.1.7 Xy-pic pdf driver: `curve' extension support
(c:/texlive/2014/texmf-dist/tex/generic/xypic/xypdf-cu.tex loaded) loaded))
(c:/texlive/2014/texmf-dist/tex/latex/setspace/setspace.sty
Package: setspace 2011/12/19 v6.7a set line spacing
)
(c:/texlive/2014/texmf-dist/tex/latex/base/makeidx.sty
Package: makeidx 2014/09/29 v1.0m Standard LaTeX package
)
(c:/texlive/2014/texmf-dist/tex/latex/nomencl/nomencl.sty
Package: nomencl 2005/09/22 v4.2 Nomenclature package (LN)
\nomlabelwidth=\dimen221
\nom@tempdim=\dimen222
\nomitemsep=\skip71
)
(c:/texlive/2014/texmf-dist/tex/generic/babel/babel.sty
Package: babel 2014/09/25 3.9l The Babel package

(c:/texlive/2014/texmf-dist/tex/generic/babel-english/english.ldf
Language: english 2012/08/20 v3.3p English support from the babel system

(c:/texlive/2014/texmf-dist/tex/generic/babel/babel.def
File: babel.def 2014/09/25 3.9l Babel common definitions
\babel@savecnt=\count153
\U@D=\dimen223
)
\l@canadian = a dialect from \language\l@american 
\l@australian = a dialect from \language\l@british 
\l@newzealand = a dialect from \language\l@british 
))
(c:/texlive/2014/texmf-dist/tex/latex/hyperref/hyperref.sty
Package: hyperref 2012/11/06 v6.83m Hypertext links for LaTeX

(c:/texlive/2014/texmf-dist/tex/generic/oberdiek/hobsub-hyperref.sty
Package: hobsub-hyperref 2012/05/28 v1.13 Bundle oberdiek, subset hyperref (HO)


(c:/texlive/2014/texmf-dist/tex/generic/oberdiek/hobsub-generic.sty
Package: hobsub-generic 2012/05/28 v1.13 Bundle oberdiek, subset generic (HO)
Package: hobsub 2012/05/28 v1.13 Construct package bundles (HO)
Package hobsub Info: Skipping package `infwarerr' (already loaded).
Package hobsub Info: Skipping package `ltxcmds' (already loaded).
Package: ifluatex 2010/03/01 v1.3 Provides the ifluatex switch (HO)
Package ifluatex Info: LuaTeX not detected.
Package: ifvtex 2010/03/01 v1.5 Detect VTeX and its facilities (HO)
Package ifvtex Info: VTeX not detected.
Package: intcalc 2007/09/27 v1.1 Expandable calculations with integers (HO)
Package hobsub Info: Skipping package `ifpdf' (already loaded).
Package: etexcmds 2011/02/16 v1.5 Avoid name clashes with e-TeX commands (HO)
Package etexcmds Info: Could not find \expanded.
(etexcmds)             That can mean that you are not using pdfTeX 1.50 or
(etexcmds)             that some package has redefined \expanded.
(etexcmds)             In the latter case, load this package earlier.
Package: kvsetkeys 2012/04/25 v1.16 Key value parser (HO)
Package: kvdefinekeys 2011/04/07 v1.3 Define keys (HO)
Package: pdftexcmds 2011/11/29 v0.20 Utility functions of pdfTeX for LuaTeX (HO
)
Package pdftexcmds Info: LuaTeX not detected.
Package pdftexcmds Info: \pdf@primitive is available.
Package pdftexcmds Info: \pdf@ifprimitive is available.
Package pdftexcmds Info: \pdfdraftmode found.
Package: pdfescape 2011/11/25 v1.13 Implements pdfTeX's escape features (HO)
Package: bigintcalc 2012/04/08 v1.3 Expandable calculations on big integers (HO
)
Package: bitset 2011/01/30 v1.1 Handle bit-vector datatype (HO)
Package: uniquecounter 2011/01/30 v1.2 Provide unlimited unique counter (HO)
)
Package hobsub Info: Skipping package `hobsub' (already loaded).
Package: letltxmacro 2010/09/02 v1.4 Let assignment for LaTeX macros (HO)
Package: hopatch 2012/05/28 v1.2 Wrapper for package hooks (HO)
Package: xcolor-patch 2011/01/30 xcolor patch
Package: atveryend 2011/06/30 v1.8 Hooks at the very end of document (HO)
Package atveryend Info: \enddocument detected (standard20110627).
Package atveryend Info: \docmute@enddocument detected (standard20110627).
Package: atbegshi 2011/10/05 v1.16 At begin shipout hook (HO)
Package: refcount 2011/10/16 v3.4 Data extraction from label references (HO)
Package: hycolor 2011/01/30 v1.7 Color options for hyperref/bookmark (HO)
)
(c:/texlive/2014/texmf-dist/tex/generic/ifxetex/ifxetex.sty
Package: ifxetex 2010/09/12 v0.6 Provides ifxetex conditional
)
(c:/texlive/2014/texmf-dist/tex/latex/oberdiek/auxhook.sty
Package: auxhook 2011/03/04 v1.3 Hooks for auxiliary files (HO)


Package auxhook Warning: Cannot patch \document,
(auxhook)                using \AtBeginDocument instead.

) (c:/texlive/2014/texmf-dist/tex/latex/oberdiek/kvoptions.sty
Package: kvoptions 2011/06/30 v3.11 Key value format for package options (HO)
)
\@linkdim=\dimen224
\Hy@linkcounter=\count154
\Hy@pagecounter=\count155

(c:/texlive/2014/texmf-dist/tex/latex/hyperref/pd1enc.def
File: pd1enc.def 2012/11/06 v6.83m Hyperref: PDFDocEncoding definition (HO)
)
\Hy@SavedSpaceFactor=\count156

(c:/texlive/2014/texmf-dist/tex/latex/latexconfig/hyperref.cfg
File: hyperref.cfg 2002/06/06 v1.2 hyperref configuration of TeXLive
)
Package hyperref Info: Option `colorlinks' set `true' on input line 4319.
Package hyperref Info: Option `hyperindex' set `true' on input line 4319.
Package hyperref Info: Option `plainpages' set `false' on input line 4319.
Package hyperref Info: Option `pdfpagelabels' set `true' on input line 4319.
Package hyperref Info: Hyper figures OFF on input line 4443.
Package hyperref Info: Link nesting OFF on input line 4448.
Package hyperref Info: Hyper index ON on input line 4451.
Package hyperref Info: Plain pages OFF on input line 4458.
Package hyperref Info: Backreferencing OFF on input line 4463.
Package hyperref Info: Implicit mode ON; LaTeX internals redefined.
Package hyperref Info: Bookmarks ON on input line 4688.
\c@Hy@tempcnt=\count157

(c:/texlive/2014/texmf-dist/tex/latex/url/url.sty
\Urlmuskip=\muskip11
Package: url 2013/09/16  ver 3.4  Verb mode for urls, etc.
)
LaTeX Info: Redefining \url on input line 5041.
\XeTeXLinkMargin=\dimen225
\Fld@menulength=\count158
\Field@Width=\dimen226
\Fld@charsize=\dimen227
Package hyperref Info: Hyper figures OFF on input line 6295.
Package hyperref Info: Link nesting OFF on input line 6300.
Package hyperref Info: Hyper index ON on input line 6303.
Package hyperref Info: backreferencing OFF on input line 6310.
Package hyperref Info: Link coloring ON on input line 6313.
Package hyperref Info: Link coloring with OCG OFF on input line 6320.
Package hyperref Info: PDF/A mode OFF on input line 6325.
LaTeX Info: Redefining \ref on input line 6365.
LaTeX Info: Redefining \pageref on input line 6369.
\Hy@abspage=\count159
\c@Item=\count160
\c@Hfootnote=\count161
)

Package hyperref Message: Driver (autodetected): hpdftex.

(c:/texlive/2014/texmf-dist/tex/latex/hyperref/hpdftex.def
File: hpdftex.def 2012/11/06 v6.83m Hyperref driver for pdfTeX
\Fld@listcount=\count162
\c@bookmark@seq@number=\count163

(c:/texlive/2014/texmf-dist/tex/latex/oberdiek/rerunfilecheck.sty
Package: rerunfilecheck 2011/04/15 v1.7 Rerun checks for auxiliary files (HO)
Package uniquecounter Info: New unique counter `rerunfilecheck' on input line 2
82.
)
\Hy@SectionHShift=\skip72
)
(c:/texlive/2014/texmf-dist/tex/latex/oberdiek/hypcap.sty
Package: hypcap 2011/02/16 v1.11 Adjusting the anchors of captions (HO)
)
(c:/texlive/2014/texmf-dist/tex/latex/cancel/cancel.sty
Package: cancel 2013/04/12 v2.2 Cancel math terms
)
(c:/texlive/2014/texmf-dist/tex/latex/sectsty/sectsty.sty
Package: sectsty 2002/02/25 v2.0.2 Commands to change all sectional heading sty
les
)
(c:/texlive/2014/texmf-dist/tex/latex/base/textcomp.sty
Package: textcomp 2005/09/27 v1.99g Standard LaTeX package
Package textcomp Info: Sub-encoding information:
(textcomp)               5 = only ISO-Adobe without \textcurrency
(textcomp)               4 = 5 + \texteuro
(textcomp)               3 = 4 + \textohm
(textcomp)               2 = 3 + \textestimated + \textcurrency
(textcomp)               1 = TS1 - \textcircled - \t
(textcomp)               0 = TS1 (full)
(textcomp)             Font families with sub-encoding setting implement
(textcomp)             only a restricted character set as indicated.
(textcomp)             Family '?' is the default used for unknown fonts.
(textcomp)             See the documentation for details.
Package textcomp Info: Setting ? sub-encoding to TS1/1 on input line 71.

(c:/texlive/2014/texmf-dist/tex/latex/base/ts1enc.def
File: ts1enc.def 2001/06/05 v3.0e (jk/car/fm) Standard LaTeX file
)
LaTeX Info: Redefining \oldstylenums on input line 266.
Package textcomp Info: Setting cmr sub-encoding to TS1/0 on input line 281.
Package textcomp Info: Setting cmss sub-encoding to TS1/0 on input line 282.
Package textcomp Info: Setting cmtt sub-encoding to TS1/0 on input line 283.
Package textcomp Info: Setting cmvtt sub-encoding to TS1/0 on input line 284.
Package textcomp Info: Setting cmbr sub-encoding to TS1/0 on input line 285.
Package textcomp Info: Setting cmtl sub-encoding to TS1/0 on input line 286.
Package textcomp Info: Setting ccr sub-encoding to TS1/0 on input line 287.
Package textcomp Info: Setting ptm sub-encoding to TS1/4 on input line 288.
Package textcomp Info: Setting pcr sub-encoding to TS1/4 on input line 289.
Package textcomp Info: Setting phv sub-encoding to TS1/4 on input line 290.
Package textcomp Info: Setting ppl sub-encoding to TS1/3 on input line 291.
Package textcomp Info: Setting pag sub-encoding to TS1/4 on input line 292.
Package textcomp Info: Setting pbk sub-encoding to TS1/4 on input line 293.
Package textcomp Info: Setting pnc sub-encoding to TS1/4 on input line 294.
Package textcomp Info: Setting pzc sub-encoding to TS1/4 on input line 295.
Package textcomp Info: Setting bch sub-encoding to TS1/4 on input line 296.
Package textcomp Info: Setting put sub-encoding to TS1/5 on input line 297.
Package textcomp Info: Setting uag sub-encoding to TS1/5 on input line 298.
Package textcomp Info: Setting ugq sub-encoding to TS1/5 on input line 299.
Package textcomp Info: Setting ul8 sub-encoding to TS1/4 on input line 300.
Package textcomp Info: Setting ul9 sub-encoding to TS1/4 on input line 301.
Package textcomp Info: Setting augie sub-encoding to TS1/5 on input line 302.
Package textcomp Info: Setting dayrom sub-encoding to TS1/3 on input line 303.
Package textcomp Info: Setting dayroms sub-encoding to TS1/3 on input line 304.

Package textcomp Info: Setting pxr sub-encoding to TS1/0 on input line 305.
Package textcomp Info: Setting pxss sub-encoding to TS1/0 on input line 306.
Package textcomp Info: Setting pxtt sub-encoding to TS1/0 on input line 307.
Package textcomp Info: Setting txr sub-encoding to TS1/0 on input line 308.
Package textcomp Info: Setting txss sub-encoding to TS1/0 on input line 309.
Package textcomp Info: Setting txtt sub-encoding to TS1/0 on input line 310.
Package textcomp Info: Setting lmr sub-encoding to TS1/0 on input line 311.
Package textcomp Info: Setting lmdh sub-encoding to TS1/0 on input line 312.
Package textcomp Info: Setting lmss sub-encoding to TS1/0 on input line 313.
Package textcomp Info: Setting lmssq sub-encoding to TS1/0 on input line 314.
Package textcomp Info: Setting lmvtt sub-encoding to TS1/0 on input line 315.
Package textcomp Info: Setting qhv sub-encoding to TS1/0 on input line 316.
Package textcomp Info: Setting qag sub-encoding to TS1/0 on input line 317.
Package textcomp Info: Setting qbk sub-encoding to TS1/0 on input line 318.
Package textcomp Info: Setting qcr sub-encoding to TS1/0 on input line 319.
Package textcomp Info: Setting qcs sub-encoding to TS1/0 on input line 320.
Package textcomp Info: Setting qpl sub-encoding to TS1/0 on input line 321.
Package textcomp Info: Setting qtm sub-encoding to TS1/0 on input line 322.
Package textcomp Info: Setting qzc sub-encoding to TS1/0 on input line 323.
Package textcomp Info: Setting qhvc sub-encoding to TS1/0 on input line 324.
Package textcomp Info: Setting futs sub-encoding to TS1/4 on input line 325.
Package textcomp Info: Setting futx sub-encoding to TS1/4 on input line 326.
Package textcomp Info: Setting futj sub-encoding to TS1/4 on input line 327.
Package textcomp Info: Setting hlh sub-encoding to TS1/3 on input line 328.
Package textcomp Info: Setting hls sub-encoding to TS1/3 on input line 329.
Package textcomp Info: Setting hlst sub-encoding to TS1/3 on input line 330.
Package textcomp Info: Setting hlct sub-encoding to TS1/5 on input line 331.
Package textcomp Info: Setting hlx sub-encoding to TS1/5 on input line 332.
Package textcomp Info: Setting hlce sub-encoding to TS1/5 on input line 333.
Package textcomp Info: Setting hlcn sub-encoding to TS1/5 on input line 334.
Package textcomp Info: Setting hlcw sub-encoding to TS1/5 on input line 335.
Package textcomp Info: Setting hlcf sub-encoding to TS1/5 on input line 336.
Package textcomp Info: Setting pplx sub-encoding to TS1/3 on input line 337.
Package textcomp Info: Setting pplj sub-encoding to TS1/3 on input line 338.
Package textcomp Info: Setting ptmx sub-encoding to TS1/4 on input line 339.
Package textcomp Info: Setting ptmj sub-encoding to TS1/4 on input line 340.
)
(c:/texlive/2014/texmf-dist/tex/latex/vwcol/vwcol.sty
Package: vwcol 2015/02/10 v0.2 Variable-width multicolumn text

(c:/texlive/2014/texmf-dist/tex/latex/tools/calc.sty
Package: calc 2014/10/28 v4.3 Infix arithmetic (KKT,FJ)
\calc@Acount=\count164
\calc@Bcount=\count165
\calc@Adimen=\dimen228
\calc@Bdimen=\dimen229
\calc@Askip=\skip73
\calc@Bskip=\skip74
LaTeX Info: Redefining \setlength on input line 75.
LaTeX Info: Redefining \addtolength on input line 76.
\calc@Ccount=\count166
\calc@Cskip=\skip75
)
(c:/texlive/2014/texmf-dist/tex/latex/environ/environ.sty
Package: environ 2014/05/04 v0.3 A new way to define environments

(c:/texlive/2014/texmf-dist/tex/latex/trimspaces/trimspaces.sty
Package: trimspaces 2009/09/17 v1.1 Trim spaces around a token list
))
(c:/texlive/2014/texmf-dist/tex/latex/ms/ragged2e.sty
Package: ragged2e 2009/05/21 v2.1 ragged2e Package (MS)

(c:/texlive/2014/texmf-dist/tex/latex/ms/everysel.sty
Package: everysel 2011/10/28 v1.2 EverySelectfont Package (MS)
)
\CenteringLeftskip=\skip76
\RaggedLeftLeftskip=\skip77
\RaggedRightLeftskip=\skip78
\CenteringRightskip=\skip79
\RaggedLeftRightskip=\skip80
\RaggedRightRightskip=\skip81
\CenteringParfillskip=\skip82
\RaggedLeftParfillskip=\skip83
\RaggedRightParfillskip=\skip84
\JustifyingParfillskip=\skip85
\CenteringParindent=\skip86
\RaggedLeftParindent=\skip87
\RaggedRightParindent=\skip88
\JustifyingParindent=\skip89
)
\vwcol@sep=\skip90
\vwcol@rule=\skip91
\vwcol@totalwidth=\skip92
\vwcol@averagewidth=\skip93
\vwcol@parindent=\skip94
\vwcol@last=\count167
\vwcol@Ncols=\count168
\vwcol@Nlines=\count169
\vwcol@maxrecursion=\count170
\vwcol@box=\box78
\vwcol@plainbox=\box79
\vwcol@outputbox=\box80
)
\c@thm=\count171
\c@eqn=\count172
\c@ex=\count173
\c@example=\count174
\c@fig=\count175
\c@HW=\count176
\c@HWindent=\count177

(./section_1a_notation.aux)
\openout1 = `section_1a_notation.aux'.

LaTeX Font Info:    Checking defaults for OML/cmm/m/it on input line 83.
LaTeX Font Info:    ... okay on input line 83.
LaTeX Font Info:    Checking defaults for T1/cmr/m/n on input line 83.
LaTeX Font Info:    ... okay on input line 83.
LaTeX Font Info:    Checking defaults for OT1/cmr/m/n on input line 83.
LaTeX Font Info:    ... okay on input line 83.
LaTeX Font Info:    Checking defaults for OMS/cmsy/m/n on input line 83.
LaTeX Font Info:    ... okay on input line 83.
LaTeX Font Info:    Checking defaults for OMX/cmex/m/n on input line 83.
LaTeX Font Info:    ... okay on input line 83.
LaTeX Font Info:    Checking defaults for U/cmr/m/n on input line 83.
LaTeX Font Info:    ... okay on input line 83.
LaTeX Font Info:    Checking defaults for PD1/pdf/m/n on input line 83.
LaTeX Font Info:    ... okay on input line 83.
LaTeX Font Info:    Checking defaults for TS1/cmr/m/n on input line 83.
LaTeX Font Info:    Try loading font information for TS1+cmr on input line 83.

(c:/texlive/2014/texmf-dist/tex/latex/base/ts1cmr.fd
File: ts1cmr.fd 2014/09/29 v2.5h Standard LaTeX font definitions
)
LaTeX Font Info:    ... okay on input line 83.

(c:/texlive/2014/texmf-dist/tex/context/base/supp-pdf.mkii
[Loading MPS to PDF converter (version 2006.09.02).]
\scratchcounter=\count178
\scratchdimen=\dimen230
\scratchbox=\box81
\nofMPsegments=\count179
\nofMParguments=\count180
\everyMPshowfont=\toks51
\MPscratchCnt=\count181
\MPscratchDim=\dimen231
\MPnumerator=\count182
\makeMPintoPDFobject=\count183
\everyMPtoPDFconversion=\toks52
) (c:/texlive/2014/texmf-dist/tex/latex/oberdiek/epstopdf-base.sty
Package: epstopdf-base 2010/02/09 v2.5 Base part for package epstopdf

(c:/texlive/2014/texmf-dist/tex/latex/oberdiek/grfext.sty
Package: grfext 2010/08/19 v1.1 Manage graphics extensions (HO)
)
Package grfext Info: Graphics extension search list:
(grfext)             [.png,.pdf,.jpg,.mps,.jpeg,.jbig2,.jb2,.PNG,.PDF,.JPG,.JPE
G,.JBIG2,.JB2,.eps]
(grfext)             \AppendGraphicsExtensions on input line 452.

(c:/texlive/2014/texmf-dist/tex/latex/latexconfig/epstopdf-sys.cfg
File: epstopdf-sys.cfg 2010/07/13 v1.3 Configuration of (r)epstopdf for TeX Liv
e
))
ABD: EveryShipout initializing macros
LaTeX Font Info:    Try loading font information for U+msa on input line 83.

(c:/texlive/2014/texmf-dist/tex/latex/amsfonts/umsa.fd
File: umsa.fd 2013/01/14 v3.01 AMS symbols A
)
LaTeX Font Info:    Try loading font information for U+msb on input line 83.

(c:/texlive/2014/texmf-dist/tex/latex/amsfonts/umsb.fd
File: umsb.fd 2013/01/14 v3.01 AMS symbols B
)
Package xypdf Info: Line width: 0.43799pt on input line 83.
\AtBeginShipoutBox=\box82
Package hyperref Info: Link coloring ON on input line 83.

(c:/texlive/2014/texmf-dist/tex/latex/hyperref/nameref.sty
Package: nameref 2012/10/27 v2.43 Cross-referencing by name of section

(c:/texlive/2014/texmf-dist/tex/generic/oberdiek/gettitlestring.sty
Package: gettitlestring 2010/12/03 v1.4 Cleanup title references (HO)
)
\c@section@level=\count184
)
LaTeX Info: Redefining \ref on input line 83.
LaTeX Info: Redefining \pageref on input line 83.
LaTeX Info: Redefining \nameref on input line 83.

(./section_1a_notation.out) (./section_1a_notation.out)
\@outlinefile=\write6
\openout6 = `section_1a_notation.out'.


ABD: EverySelectfont initializing macros
LaTeX Info: Redefining \selectfont on input line 83.
\docmute@nestinglevel=\count185
 [1{c:/texlive/2014/texmf-var/fonts/map/pdftex/updmap/pdftex.map}

] [2]
! Mfpic error: No output file has been opened.
\mfp@errmsg ...p {#2}\errmessage {Mfpic error: #1}
                                                  }
l.140 \begin{mfpic}[20]{-3}{3}{-2}{5}
                                     
You have tried to used a command, \mfpic , that requires an output
file to be opened with the \opengraphsfile command, which
was either not issued or was not successful.


Mfpic warning: \qspline is already defined.

Mfpic warning: \curve is already defined.

Mfpic warning: \connect is already defined.
! Mfpic error: No output file has been opened.
\mfp@errmsg ...p {#2}\errmessage {Mfpic error: #1}
                                                  }
l.156 \tlpointsep{5pt}
                      
You have tried to used a command, \setmfvariable , that requires an output
file to be opened with the \opengraphsfile command, which
was either not issued or was not successful.

! Undefined control sequence.
<argument> \mfp@filename 
                         
l.161 \end{mfpic}
                 
The control sequence at the end of the top line
of your error message was never \def'ed. If you have
misspelled it (e.g., `\hobx'), type `I' and the correct
spelling (e.g., `I\hbox'). Otherwise just continue,
and I'll forget about whatever was undefined.

Mfpic: No graph file: .1 .
[3]
! Mfpic error: No output file has been opened.
\mfp@errmsg ...p {#2}\errmessage {Mfpic error: #1}
                                                  }
l.183 \begin{mfpic}[20]{-3}{3}{-2}{5}
                                     
You have tried to used a command, \mfpic , that requires an output
file to be opened with the \opengraphsfile command, which
was either not issued or was not successful.


Mfpic warning: \qspline is already defined.

Mfpic warning: \curve is already defined.

Mfpic warning: \connect is already defined.
! Mfpic error: No output file has been opened.
\mfp@errmsg ...p {#2}\errmessage {Mfpic error: #1}
                                                  }
l.199 \tlpointsep{5pt}
                      
You have tried to used a command, \setmfvariable , that requires an output
file to be opened with the \opengraphsfile command, which
was either not issued or was not successful.

! Undefined control sequence.
<argument> \mfp@filename 
                         
l.204 \end{mfpic}
                 
The control sequence at the end of the top line
of your error message was never \def'ed. If you have
misspelled it (e.g., `\hobx'), type `I' and the correct
spelling (e.g., `I\hbox'). Otherwise just continue,
and I'll forget about whatever was undefined.

Mfpic: No graph file: .2 .
[4] [5]
! Mfpic error: No output file has been opened.
\mfp@errmsg ...p {#2}\errmessage {Mfpic error: #1}
                                                  }
l.262 \begin{mfpic}[20]{-4}{4}{-3}{3}
                                     
You have tried to used a command, \mfpic , that requires an output
file to be opened with the \opengraphsfile command, which
was either not issued or was not successful.


Mfpic warning: \qspline is already defined.

Mfpic warning: \curve is already defined.

Mfpic warning: \connect is already defined.
! Mfpic error: No output file has been opened.
\mfp@errmsg ...p {#2}\errmessage {Mfpic error: #1}
                                                  }
l.271 \tlpointsep{5pt}
                      
You have tried to used a command, \setmfvariable , that requires an output
file to be opened with the \opengraphsfile command, which
was either not issued or was not successful.

! Undefined control sequence.
<argument> \mfp@filename 
                         
l.277 \end{mfpic}
                 
The control sequence at the end of the top line
of your error message was never \def'ed. If you have
misspelled it (e.g., `\hobx'), type `I' and the correct
spelling (e.g., `I\hbox'). Otherwise just continue,
and I'll forget about whatever was undefined.

Mfpic: No graph file: .3 .

Overfull \hbox (25.34999pt too wide) in paragraph at lines 238--280
 [] 
 []

[6]
! Mfpic error: No output file has been opened.
\mfp@errmsg ...p {#2}\errmessage {Mfpic error: #1}
                                                  }
l.295 \begin{mfpic}[14]{-5}{5}{-5}{5}
                                     
You have tried to used a command, \mfpic , that requires an output
file to be opened with the \opengraphsfile command, which
was either not issued or was not successful.


Mfpic warning: \qspline is already defined.

Mfpic warning: \curve is already defined.

Mfpic warning: \connect is already defined.
! Mfpic error: No output file has been opened.
\mfp@errmsg ...p {#2}\errmessage {Mfpic error: #1}
                                                  }
l.304 \tlpointsep{5pt}
                      
You have tried to used a command, \setmfvariable , that requires an output
file to be opened with the \opengraphsfile command, which
was either not issued or was not successful.

! Undefined control sequence.
<argument> \mfp@filename 
                         
l.310 \end{mfpic}
                 
The control sequence at the end of the top line
of your error message was never \def'ed. If you have
misspelled it (e.g., `\hobx'), type `I' and the correct
spelling (e.g., `I\hbox'). Otherwise just continue,
and I'll forget about whatever was undefined.

Mfpic: No graph file: .4 .

Underfull \hbox (badness 10000) in paragraph at lines 310--312
[]|[]
 []


Underfull \hbox (badness 10000) in paragraph at lines 310--312

 []

! Mfpic error: No output file has been opened.
\mfp@errmsg ...p {#2}\errmessage {Mfpic error: #1}
                                                  }
l.315 \begin{mfpic}[14]{-5}{5}{-4.5}{5}
                                       
You have tried to used a command, \mfpic , that requires an output
file to be opened with the \opengraphsfile command, which
was either not issued or was not successful.


Mfpic warning: \qspline is already defined.

Mfpic warning: \curve is already defined.

Mfpic warning: \connect is already defined.
! Mfpic error: No output file has been opened.
\mfp@errmsg ...p {#2}\errmessage {Mfpic error: #1}
                                                  }
l.318 \fillcolor[gray]{0.8}
                           
You have tried to used a command, \setmfvariable , that requires an output
file to be opened with the \opengraphsfile command, which
was either not issued or was not successful.

! Mfpic error: No output file has been opened.
\mfp@errmsg ...p {#2}\errmessage {Mfpic error: #1}
                                                  }
l.328 \tlpointsep{5pt}
                      
You have tried to used a command, \setmfvariable , that requires an output
file to be opened with the \opengraphsfile command, which
was either not issued or was not successful.

! Undefined control sequence.
<argument> \mfp@filename 
                         
l.334 \end{mfpic}
                 
The control sequence at the end of the top line
of your error message was never \def'ed. If you have
misspelled it (e.g., `\hobx'), type `I' and the correct
spelling (e.g., `I\hbox'). Otherwise just continue,
and I'll forget about whatever was undefined.

Mfpic: No graph file: .5 .

Overfull \hbox (25.34998pt too wide) in paragraph at lines 293--336
 [] 
 []

! Mfpic error: No output file has been opened.
\mfp@errmsg ...p {#2}\errmessage {Mfpic error: #1}
                                                  }
l.341 \begin{mfpic}[14]{-5}{5}{-5}{5}
                                     
You have tried to used a command, \mfpic , that requires an output
file to be opened with the \opengraphsfile command, which
was either not issued or was not successful.


Mfpic warning: \qspline is already defined.

Mfpic warning: \curve is already defined.

Mfpic warning: \connect is already defined.
! Mfpic error: No output file has been opened.
\mfp@errmsg ...p {#2}\errmessage {Mfpic error: #1}
                                                  }
l.350 \tlpointsep{5pt}
                      
You have tried to used a command, \setmfvariable , that requires an output
file to be opened with the \opengraphsfile command, which
was either not issued or was not successful.

! Undefined control sequence.
<argument> \mfp@filename 
                         
l.356 \end{mfpic}
                 
The control sequence at the end of the top line
of your error message was never \def'ed. If you have
misspelled it (e.g., `\hobx'), type `I' and the correct
spelling (e.g., `I\hbox'). Otherwise just continue,
and I'll forget about whatever was undefined.

Mfpic: No graph file: .6 .
! Mfpic error: No output file has been opened.
\mfp@errmsg ...p {#2}\errmessage {Mfpic error: #1}
                                                  }
l.361 \begin{mfpic}[14]{-5}{5}{-5}{5}
                                     
You have tried to used a command, \mfpic , that requires an output
file to be opened with the \opengraphsfile command, which
was either not issued or was not successful.


Mfpic warning: \qspline is already defined.

Mfpic warning: \curve is already defined.

Mfpic warning: \connect is already defined.
! Mfpic error: No output file has been opened.
\mfp@errmsg ...p {#2}\errmessage {Mfpic error: #1}
                                                  }
l.372 \tlpointsep{5pt}
                      
You have tried to used a command, \setmfvariable , that requires an output
file to be opened with the \opengraphsfile command, which
was either not issued or was not successful.

! Undefined control sequence.
<argument> \mfp@filename 
                         
l.378 \end{mfpic}
                 
The control sequence at the end of the top line
of your error message was never \def'ed. If you have
misspelled it (e.g., `\hobx'), type `I' and the correct
spelling (e.g., `I\hbox'). Otherwise just continue,
and I'll forget about whatever was undefined.

Mfpic: No graph file: .7 .

Overfull \hbox (25.34998pt too wide) in paragraph at lines 339--381
 [] 
 []

! Mfpic error: No output file has been opened.
\mfp@errmsg ...p {#2}\errmessage {Mfpic error: #1}
                                                  }
l.386 \begin{mfpic}[14]{-5}{5}{-5}{5}
                                     
You have tried to used a command, \mfpic , that requires an output
file to be opened with the \opengraphsfile command, which
was either not issued or was not successful.


Mfpic warning: \qspline is already defined.

Mfpic warning: \curve is already defined.

Mfpic warning: \connect is already defined.
! Mfpic error: No output file has been opened.
\mfp@errmsg ...p {#2}\errmessage {Mfpic error: #1}
                                                  }
l.395 \tlpointsep{5pt}
                      
You have tried to used a command, \setmfvariable , that requires an output
file to be opened with the \opengraphsfile command, which
was either not issued or was not successful.

! Undefined control sequence.
<argument> \mfp@filename 
                         
l.401 \end{mfpic}
                 
The control sequence at the end of the top line
of your error message was never \def'ed. If you have
misspelled it (e.g., `\hobx'), type `I' and the correct
spelling (e.g., `I\hbox'). Otherwise just continue,
and I'll forget about whatever was undefined.

Mfpic: No graph file: .8 .
! Mfpic error: No output file has been opened.
\mfp@errmsg ...p {#2}\errmessage {Mfpic error: #1}
                                                  }
l.406 \begin{mfpic}[14]{-5}{5}{-5}{5}
                                     
You have tried to used a command, \mfpic , that requires an output
file to be opened with the \opengraphsfile command, which
was either not issued or was not successful.


Mfpic warning: \qspline is already defined.

Mfpic warning: \curve is already defined.

Mfpic warning: \connect is already defined.
! Mfpic error: No output file has been opened.
\mfp@errmsg ...p {#2}\errmessage {Mfpic error: #1}
                                                  }
l.415 \tlpointsep{5pt}
                      
You have tried to used a command, \setmfvariable , that requires an output
file to be opened with the \opengraphsfile command, which
was either not issued or was not successful.

! Undefined control sequence.
<argument> \mfp@filename 
                         
l.421 \end{mfpic}
                 
The control sequence at the end of the top line
of your error message was never \def'ed. If you have
misspelled it (e.g., `\hobx'), type `I' and the correct
spelling (e.g., `I\hbox'). Otherwise just continue,
and I'll forget about whatever was undefined.

Mfpic: No graph file: .9 .

Overfull \hbox (25.34998pt too wide) in paragraph at lines 384--424
 [] 
 []


Underfull \vbox (badness 10000) has occurred while \output is active []

 [7]
Underfull \hbox (badness 10000) in paragraph at lines 427--432

 []


Underfull \hbox (badness 10000) in paragraph at lines 427--432

 []

[8] [9]
Package atveryend Info: Empty hook `BeforeClearDocument' on input line 464.
Package atveryend Info: Empty hook `AfterLastShipout' on input line 464.
 (./section_1a_notation.aux)
Package atveryend Info: Executing hook `AtVeryEndDocument' on input line 464.
Package atveryend Info: Executing hook `AtEndAfterFileList' on input line 464.
Package rerunfilecheck Info: File `section_1a_notation.out' has not changed.
(rerunfilecheck)             Checksum: D6F2BF5A416C2657D1944DBC8265F160;80.
Package atveryend Info: Empty hook `AtVeryVeryEnd' on input line 464.
 ) 
Here is how much of TeX's memory you used:
 20728 strings out of 493109
 356088 string characters out of 6138581
 481316 words of memory out of 5000000
 23741 multiletter control sequences out of 15000+600000
 13045 words of font info for 53 fonts, out of 8000000 for 9000
 1141 hyphenation exceptions out of 8191
 48i,18n,54p,1431b,629s stack positions out of 5000i,500n,10000p,200000b,80000s
<c:/texlive/2014/texmf-dist/fonts/type1/public/amsfonts/cm/cmbx10.pfb><c:/tex
live/2014/texmf-dist/fonts/type1/public/amsfonts/cm/cmcsc10.pfb><c:/texlive/201
4/texmf-dist/fonts/type1/public/amsfonts/cm/cmex10.pfb><c:/texlive/2014/texmf-d
ist/fonts/type1/public/amsfonts/cm/cmmi10.pfb><c:/texlive/2014/texmf-dist/fonts
/type1/public/amsfonts/cm/cmmi8.pfb><c:/texlive/2014/texmf-dist/fonts/type1/pub
lic/amsfonts/cm/cmr10.pfb><c:/texlive/2014/texmf-dist/fonts/type1/public/amsfon
ts/cm/cmr8.pfb><c:/texlive/2014/texmf-dist/fonts/type1/public/amsfonts/cm/cmsy1
0.pfb><c:/texlive/2014/texmf-dist/fonts/type1/public/amsfonts/cm/cmsy8.pfb><c:/
texlive/2014/texmf-dist/fonts/type1/public/amsfonts/cm/cmti10.pfb><c:/texlive/2
014/texmf-dist/fonts/type1/public/amsfonts/cm/cmtt10.pfb><c:/texlive/2014/texmf
-dist/fonts/type1/public/amsfonts/latxfont/line10.pfb>
Output written on section_1a_notation.pdf (9 pages, 139304 bytes).
PDF statistics:
 126 PDF objects out of 1000 (max. 8388607)
 101 compressed objects within 2 object streams
 28 named destinations out of 1000 (max. 500000)
 21 words of extra memory for PDF output out of 10000 (max. 10000000)

