\BOOKMARK [1][-]{toc.1}{Table of Contents}{}% 1
\BOOKMARK [0][-]{chapter.1}{Linear Equations}{}% 2
\BOOKMARK [1][-]{section.1.1}{Solving Linear Equations}{chapter.1}% 3
\BOOKMARK [2][-]{subsection.1.1.1}{One-Step Equations}{section.1.1}% 4
\BOOKMARK [2][-]{subsection.1.1.2}{Two-Step Equations}{section.1.1}% 5
\BOOKMARK [2][-]{subsection.1.1.3}{General Equations}{section.1.1}% 6
\BOOKMARK [2][-]{subsection.1.1.4}{Equations Containing Fractions}{section.1.1}% 7
\BOOKMARK [1][-]{section.1.2}{Absolute Value Equations}{chapter.1}% 8
\BOOKMARK [1][-]{section.1.3}{Graphing Linear Equations}{chapter.1}% 9
\BOOKMARK [2][-]{subsection.1.3.1}{The Cartesian Plane}{section.1.3}% 10
\BOOKMARK [2][-]{subsection.1.3.2}{Graphing Lines from Points}{section.1.3}% 11
\BOOKMARK [2][-]{subsection.1.3.3}{The Slope of a Line}{section.1.3}% 12
\BOOKMARK [1][-]{section.1.4}{The Two Forms of a Linear Equation}{chapter.1}% 13
\BOOKMARK [2][-]{subsection.1.4.1}{Slope-Intercept Form}{section.1.4}% 14
\BOOKMARK [2][-]{subsection.1.4.2}{Point-Slope Form}{section.1.4}% 15
\BOOKMARK [1][-]{section.1.5}{Parallel and Perpendicular Lines}{chapter.1}% 16
\BOOKMARK [1][-]{section.1.6}{Applications}{chapter.1}% 17
\BOOKMARK [2][-]{subsection.1.6.1}{Numbers and Geometry}{section.1.6}% 18
\BOOKMARK [2][-]{subsection.1.6.2}{Age Problems}{section.1.6}% 19
\BOOKMARK [2][-]{subsection.1.6.3}{Distance, Rate and Time}{section.1.6}% 20
\BOOKMARK [1][-]{section.1.7}{Linear Inequalities and Sign Diagrams}{chapter.1}% 21
\BOOKMARK [2][-]{subsection.1.7.1}{Linear Inequalities}{section.1.7}% 22
\BOOKMARK [2][-]{subsection.1.7.2}{Introduction to Sign Diagrams}{section.1.7}% 23
\BOOKMARK [1][-]{section.1.8}{Compound and Absolute Value Inequalities}{chapter.1}% 24
\BOOKMARK [2][-]{subsection.1.8.1}{Compound Inequalities}{section.1.8}% 25
\BOOKMARK [2][-]{subsection.1.8.2}{Absolute Value Inequalities}{section.1.8}% 26
\BOOKMARK [1][-]{section.1.9}{Practice Problems}{chapter.1}% 27
\BOOKMARK [2][-]{subsection.1.9.1}{Solving Linear Equations}{section.1.9}% 28
\BOOKMARK [2][-]{subsection.1.9.2}{Absolute Value Equations}{section.1.9}% 29
\BOOKMARK [2][-]{subsection.1.9.3}{Graphing Linear Equations}{section.1.9}% 30
\BOOKMARK [2][-]{subsection.1.9.4}{The Two Forms of a Linear Equation}{section.1.9}% 31
\BOOKMARK [2][-]{subsection.1.9.5}{Parallel and Perpendicular Lines}{section.1.9}% 32
\BOOKMARK [2][-]{subsection.1.9.6}{Applications}{section.1.9}% 33
\BOOKMARK [2][-]{subsection.1.9.7}{Linear Inequalities and Sign Diagrams}{section.1.9}% 34
\BOOKMARK [2][-]{subsection.1.9.8}{Compound and Absolute Value Inequalities}{section.1.9}% 35
\BOOKMARK [1][-]{section.1.10}{Answers}{chapter.1}% 36
\BOOKMARK [0][-]{chapter.2}{Systems of Linear Equations}{}% 37
\BOOKMARK [1][-]{section.2.1}{Graphing}{chapter.2}% 38
\BOOKMARK [1][-]{section.2.2}{Substitution}{chapter.2}% 39
\BOOKMARK [1][-]{section.2.3}{Addition/Elimination}{chapter.2}% 40
\BOOKMARK [1][-]{section.2.4}{Three Variables}{chapter.2}% 41
\BOOKMARK [1][-]{section.2.5}{Applications}{chapter.2}% 42
\BOOKMARK [2][-]{subsection.2.5.1}{Value Problems}{section.2.5}% 43
\BOOKMARK [2][-]{subsection.2.5.2}{Mixture Problems}{section.2.5}% 44
\BOOKMARK [1][-]{section.2.6}{Matrix Notation}{chapter.2}% 45
\BOOKMARK [1][-]{section.2.7}{Practice Problems}{chapter.2}% 46
\BOOKMARK [2][-]{subsection.2.7.1}{Graphing}{section.2.7}% 47
\BOOKMARK [2][-]{subsection.2.7.2}{Substitution}{section.2.7}% 48
\BOOKMARK [2][-]{subsection.2.7.3}{Addition/Elimination}{section.2.7}% 49
\BOOKMARK [2][-]{subsection.2.7.4}{Three Variables}{section.2.7}% 50
\BOOKMARK [2][-]{subsection.2.7.5}{Applications}{section.2.7}% 51
\BOOKMARK [2][-]{subsection.2.7.6}{Matrix Notation}{section.2.7}% 52
\BOOKMARK [1][-]{section.2.8}{Answers}{chapter.2}% 53
\BOOKMARK [0][-]{chapter.3}{Quadratic Equations}{}% 54
\BOOKMARK [1][-]{section.3.1}{Introduction}{chapter.3}% 55
\BOOKMARK [2][-]{subsection.3.1.1}{Quadratic Equations}{section.3.1}% 56
\BOOKMARK [2][-]{subsection.3.1.2}{An Introduction to the Vertex Form}{section.3.1}% 57
\BOOKMARK [1][-]{section.3.2}{Factoring}{chapter.3}% 58
\BOOKMARK [2][-]{subsection.3.2.1}{Greatest Common Factor}{section.3.2}% 59
\BOOKMARK [2][-]{subsection.3.2.2}{Grouping}{section.3.2}% 60
\BOOKMARK [2][-]{subsection.3.2.3}{Trinomials with Leading Coefficient a=1}{section.3.2}% 61
\BOOKMARK [2][-]{subsection.3.2.4}{Trinomials with Leading Coefficient a=1}{section.3.2}% 62
\BOOKMARK [1][-]{section.3.3}{Solving by Factoring}{chapter.3}% 63
\BOOKMARK [1][-]{section.3.4}{Vertex Form and Graphing}{chapter.3}% 64
\BOOKMARK [2][-]{subsection.3.4.1}{The Vertex Form}{section.3.4}% 65
\BOOKMARK [2][-]{subsection.3.4.2}{Graphing Quadratics}{section.3.4}% 66
\BOOKMARK [1][-]{section.3.5}{Square Roots and the Imaginary Number i}{chapter.3}% 67
\BOOKMARK [2][-]{subsection.3.5.1}{Square Roots}{section.3.5}% 68
\BOOKMARK [2][-]{subsection.3.5.2}{Introduction to Complex Numbers}{section.3.5}% 69
\BOOKMARK [1][-]{section.3.6}{Solving by Extracting Square Roots}{chapter.3}% 70
\BOOKMARK [1][-]{section.3.7}{Completing the Square}{chapter.3}% 71
\BOOKMARK [1][-]{section.3.8}{The Quadratic Formula and the Discriminant}{chapter.3}% 72
\BOOKMARK [1][-]{section.3.9}{Quadratic Inequalities and Sign Diagrams}{chapter.3}% 73
\BOOKMARK [1][-]{section.3.10}{Practice Problems}{chapter.3}% 74
\BOOKMARK [2][-]{subsection.3.10.1}{Introduction}{section.3.10}% 75
\BOOKMARK [2][-]{subsection.3.10.2}{Factoring}{section.3.10}% 76
\BOOKMARK [2][-]{subsection.3.10.3}{Solving by Factoring}{section.3.10}% 77
\BOOKMARK [2][-]{subsection.3.10.4}{Vertex Form and Graphing}{section.3.10}% 78
\BOOKMARK [2][-]{subsection.3.10.5}{Square Roots and the Imaginary Number i}{section.3.10}% 79
\BOOKMARK [2][-]{subsection.3.10.6}{Solving by Extracting Square Roots}{section.3.10}% 80
\BOOKMARK [2][-]{subsection.3.10.7}{Completing the Square}{section.3.10}% 81
\BOOKMARK [2][-]{subsection.3.10.8}{The Quadratic Formula and the Discriminant}{section.3.10}% 82
\BOOKMARK [2][-]{subsection.3.10.9}{Quadratic Inequalities and Sign Diagrams}{section.3.10}% 83
\BOOKMARK [1][-]{section.3.11}{Answers}{chapter.3}% 84
\BOOKMARK [0][-]{chapter.4}{Introduction to Functions}{}% 85
\BOOKMARK [1][-]{section.4.1}{Notation and Basic Examples}{chapter.4}% 86
\BOOKMARK [2][-]{subsection.4.1.1}{Definitions and the Vertical Line Test}{section.4.1}% 87
\BOOKMARK [2][-]{subsection.4.1.2}{Evaluating Functions}{section.4.1}% 88
\BOOKMARK [1][-]{section.4.2}{Domain and Range}{chapter.4}% 89
\BOOKMARK [2][-]{subsection.4.2.1}{Identifying Domain and Range Graphically}{section.4.2}% 90
\BOOKMARK [2][-]{subsection.4.2.2}{Identifying Domain and Range Algebraically}{section.4.2}% 91
\BOOKMARK [2][-]{subsection.4.2.3}{Ten Fundamental Functions}{section.4.2}% 92
\BOOKMARK [1][-]{section.4.3}{Combining Functions}{chapter.4}% 93
\BOOKMARK [2][-]{subsection.4.3.1}{Function Arithmetic}{section.4.3}% 94
\BOOKMARK [2][-]{subsection.4.3.2}{Composite Functions}{section.4.3}% 95
\BOOKMARK [1][-]{section.4.4}{Inverse Functions}{chapter.4}% 96
\BOOKMARK [2][-]{subsection.4.4.1}{Definition and Horizontal Line Test}{section.4.4}% 97
\BOOKMARK [2][-]{subsection.4.4.2}{Finding Inverses Algebraically}{section.4.4}% 98
\BOOKMARK [1][-]{section.4.5}{Transformations}{chapter.4}% 99
\BOOKMARK [2][-]{subsection.4.5.1}{Introduction}{section.4.5}% 100
\BOOKMARK [2][-]{subsection.4.5.2}{Translations}{section.4.5}% 101
\BOOKMARK [2][-]{subsection.4.5.3}{Reflections}{section.4.5}% 102
\BOOKMARK [2][-]{subsection.4.5.4}{Scalings}{section.4.5}% 103
\BOOKMARK [2][-]{subsection.4.5.5}{Transformations Summary}{section.4.5}% 104
\BOOKMARK [1][-]{section.4.6}{Piecewise-Defined and Absolute Value Functions}{chapter.4}% 105
\BOOKMARK [2][-]{subsection.4.6.1}{Piecewise-Defined Functions}{section.4.6}% 106
\BOOKMARK [2][-]{subsection.4.6.2}{Absolute Value Functions}{section.4.6}% 107
\BOOKMARK [1][-]{section.4.7}{Practice Problems}{chapter.4}% 108
\BOOKMARK [2][-]{subsection.4.7.1}{Notation and Basic Examples}{section.4.7}% 109
\BOOKMARK [2][-]{subsection.4.7.2}{Domain and Range}{section.4.7}% 110
\BOOKMARK [2][-]{subsection.4.7.3}{Combining Functions}{section.4.7}% 111
\BOOKMARK [2][-]{subsection.4.7.4}{Inverse Functions}{section.4.7}% 112
\BOOKMARK [2][-]{subsection.4.7.5}{Transformations}{section.4.7}% 113
\BOOKMARK [2][-]{subsection.4.7.6}{Piecewise-Defined and Absolute Value Functions}{section.4.7}% 114
\BOOKMARK [1][-]{section.4.8}{Answers}{chapter.4}% 115
\BOOKMARK [0][-]{chapter.5}{Polynomial Functions}{}% 116
\BOOKMARK [1][-]{section.5.1}{Notation and Basic Examples}{chapter.5}% 117
\BOOKMARK [1][-]{section.5.2}{Factoring}{chapter.5}% 118
\BOOKMARK [2][-]{subsection.5.2.1}{Special Products}{section.5.2}% 119
\BOOKMARK [2][-]{subsection.5.2.2}{Quadratic Type}{section.5.2}% 120
\BOOKMARK [2][-]{subsection.5.2.3}{Factoring Summary}{section.5.2}% 121
\BOOKMARK [1][-]{section.5.3}{Division}{chapter.5}% 122
\BOOKMARK [2][-]{subsection.5.3.1}{Polynomial Division}{section.5.3}% 123
\BOOKMARK [2][-]{subsection.5.3.2}{Synthetic Division}{section.5.3}% 124
\BOOKMARK [1][-]{section.5.4}{Graphing}{chapter.5}% 125
\BOOKMARK [2][-]{subsection.5.4.1}{End Behavior}{section.5.4}% 126
\BOOKMARK [2][-]{subsection.5.4.2}{Zeros and Local Behavior}{section.5.4}% 127
\BOOKMARK [1][-]{section.5.5}{Polynomial Inequalities and Sign Diagrams}{chapter.5}% 128
\BOOKMARK [1][-]{section.5.6}{Practice Problems}{chapter.5}% 129
\BOOKMARK [2][-]{subsection.5.6.1}{Notation and Basic Examples}{section.5.6}% 130
\BOOKMARK [2][-]{subsection.5.6.2}{Factoring}{section.5.6}% 131
\BOOKMARK [2][-]{subsection.5.6.3}{Division}{section.5.6}% 132
\BOOKMARK [2][-]{subsection.5.6.4}{Graphing}{section.5.6}% 133
\BOOKMARK [2][-]{subsection.5.6.5}{Polynomial Inequalities and Sign Diagrams}{section.5.6}% 134
\BOOKMARK [1][-]{section.5.7}{Answers}{chapter.5}% 135
